build/app/outputs/mapping/release/mapping.txt
# compiler: R8
# compiler_version: 1.5.64
# min_api: 16
# pg_map_id: be18516
...
com.google.firebase.database.core.utilities.ParsedUrl -> com.google.firebase.database.v.i0.h:
    com.google.firebase.database.core.RepoInfo repoInfo -> a
    com.google.firebase.database.core.Path path -> b
com.google.firebase.database.core.utilities.Predicate -> com.google.firebase.database.v.i0.i:
    com.google.firebase.database.core.utilities.Predicate TRUE -> a
    boolean evaluate(java.lang.Object) -> a
com.google.firebase.database.core.utilities.Predicate$1 -> com.google.firebase.database.v.i0.i$a:
    boolean evaluate(java.lang.Object) -> a
com.google.firebase.database.core.utilities.Tree -> com.google.firebase.database.v.i0.j:
    com.google.firebase.database.core.utilities.Tree parent -> b
    com.google.firebase.database.snapshot.ChildKey name -> a
    com.google.firebase.database.core.utilities.TreeNode node -> c
    boolean forEachAncestor(com.google.firebase.database.core.utilities.Tree$TreeFilter) -> a
    boolean forEachAncestor(com.google.firebase.database.core.utilities.Tree$TreeFilter,boolean) -> a
    void forEachChild(com.google.firebase.database.core.utilities.Tree$TreeVisitor) -> a
    void forEachDescendant(com.google.firebase.database.core.utilities.Tree$TreeVisitor,boolean,boolean) -> a
    com.google.firebase.database.core.Path getPath() -> a
    void setValue(java.lang.Object) -> a
    com.google.firebase.database.core.utilities.Tree subTree(com.google.firebase.database.core.Path) -> a
    java.lang.String toString(java.lang.String) -> a
    void updateChild(com.google.firebase.database.snapshot.ChildKey,com.google.firebase.database.core.utilities.Tree) -> a
    void forEachDescendant(com.google.firebase.database.core.utilities.Tree$TreeVisitor) -> b
    java.lang.Object getValue() -> b
    boolean hasChildren() -> c
    boolean isEmpty() -> d
    void updateParents() -> e
com.google.firebase.database.core.utilities.Tree$1 -> com.google.firebase.database.v.i0.j$a:
    com.google.firebase.database.core.utilities.Tree$TreeVisitor val$visitor -> a
    boolean val$childrenFirst -> b
    void visitTree(com.google.firebase.database.core.utilities.Tree) -> a
com.google.firebase.database.core.utilities.Tree$TreeFilter -> com.google.firebase.database.v.i0.j$b:
    boolean filterTreeNode(com.google.firebase.database.core.utilities.Tree) -> a
com.google.firebase.database.core.utilities.Tree$TreeVisitor -> com.google.firebase.database.v.i0.j$c:
    void visitTree(com.google.firebase.database.core.utilities.Tree) -> a
com.google.firebase.database.core.utilities.TreeNode -> com.google.firebase.database.v.i0.k:
    java.util.Map children -> a
    java.lang.Object value -> b
    java.lang.String toString(java.lang.String) -> a
com.google.firebase.database.core.utilities.Utilities -> com.google.firebase.database.v.i0.l:
    char[] HEX_CHARACTERS -> a
    int compareInts(int,int) -> a
    int compareLongs(long,long) -> a
    java.lang.String doubleToHashString(double) -> a
    boolean equals(java.lang.Object,java.lang.Object) -> a
    java.lang.String extractPathString(java.lang.String) -> a
    void hardAssert(boolean) -> a
    void hardAssert(boolean,java.lang.String) -> a
    com.google.firebase.database.core.utilities.Pair wrapOnComplete(com.google.firebase.database.DatabaseReference$CompletionListener) -> a
    com.google.firebase.database.core.utilities.ParsedUrl parseUrl(java.lang.String) -> b
    java.lang.String sha1HexDigest(java.lang.String) -> c
    java.lang.String stringHashV2Representation(java.lang.String) -> d
    java.lang.Integer tryParseInt(java.lang.String) -> e
com.google.firebase.database.core.utilities.Utilities$1 -> com.google.firebase.database.v.i0.l$a:
    com.google.android.gms.tasks.TaskCompletionSource val$source -> a
    void onComplete(com.google.firebase.database.DatabaseError,com.google.firebase.database.DatabaseReference) -> a